<?xml version="1.0" encoding="UTF-8"?>
<testsuite name="RangersTest" tests="1" skipped="0" failures="0" errors="0" timestamp="2020-07-10T11:42:25" hostname="tonui-HP-ProBook-450-G5" time="0.001">
  <properties/>
  <testcase name="Rangers_InstantiatesWithEmail_String" classname="RangersTest" time="0.001"/>
  <system-out><![CDATA[]]></system-out>
  <system-err><![CDATA[]]></system-err>
</testsuite>
