<?xml version="1.0" encoding="UTF-8"?>
<testsuite name="AnimalsTest" tests="1" skipped="0" failures="0" errors="0" timestamp="2020-07-12T20:36:40" hostname="tonui-HP-ProBook-450-G5" time="0.541">
  <properties/>
  <testcase name="delete_deletesAnima_true" classname="AnimalsTest" time="0.541"/>
  <system-out><![CDATA[]]></system-out>
  <system-err><![CDATA[]]></system-err>
</testsuite>
