<?xml version="1.0" encoding="UTF-8"?>
<testsuite name="EndangeredAnimalsTest" tests="6" skipped="0" failures="0" errors="0" timestamp="2020-07-13T07:02:47" hostname="tonui-HP-ProBook-450-G5" time="0.426">
  <properties/>
  <testcase name="EndangeredAnimals_InstantiatesWithAge" classname="EndangeredAnimalsTest" time="0.154"/>
  <testcase name="delete_removesAnimalFromDatabase" classname="EndangeredAnimalsTest" time="0.185"/>
  <testcase name="EndangeredAnimals_InstantiatesWithHealth" classname="EndangeredAnimalsTest" time="0.008"/>
  <testcase name="EndangeredAnimals_InstantiatesWithName" classname="EndangeredAnimalsTest" time="0.008"/>
  <testcase name="save_savesAnimalToDatabase" classname="EndangeredAnimalsTest" time="0.035"/>
  <testcase name="find_returnsCorrectAnimal_true" classname="EndangeredAnimalsTest" time="0.033"/>
  <system-out><![CDATA[]]></system-out>
  <system-err><![CDATA[]]></system-err>
</testsuite>
