<?xml version="1.0" encoding="UTF-8"?>
<testsuite name="EndangeredAnimalsTest" tests="4" skipped="0" failures="0" errors="0" timestamp="2020-07-10T16:21:29" hostname="tonui-HP-ProBook-450-G5" time="0.104">
  <properties/>
  <testcase name="EndangeredAnimals_InstantiatesWithAge" classname="EndangeredAnimalsTest" time="0.088"/>
  <testcase name="EndangeredAnimals_InstantiatesWithHealth" classname="EndangeredAnimalsTest" time="0.005"/>
  <testcase name="EndangeredAnimals_InstantiatesWithName" classname="EndangeredAnimalsTest" time="0.005"/>
  <testcase name="EndangeredAnimals_InstantiatesWithRangerId" classname="EndangeredAnimalsTest" time="0.004"/>
  <system-out><![CDATA[]]></system-out>
  <system-err><![CDATA[]]></system-err>
</testsuite>
