<?xml version="1.0" encoding="UTF-8"?>
<testsuite name="EndangeredAnimalsTest" tests="1" skipped="0" failures="0" errors="0" timestamp="2020-07-12T21:09:04" hostname="tonui-HP-ProBook-450-G5" time="0.895">
  <properties/>
  <testcase name="find_returnsCorrectAnimal_true" classname="EndangeredAnimalsTest" time="0.895"/>
  <system-out><![CDATA[]]></system-out>
  <system-err><![CDATA[]]></system-err>
</testsuite>
